ARM GAS  C:\Users\onste\AppData\Local\Temp\cc92mnPL.s 			page 1


   1              		.cpu cortex-m4
   2              		.arch armv7e-m
   3              		.fpu fpv4-sp-d16
   4              		.eabi_attribute 27, 1
   5              		.eabi_attribute 28, 1
   6              		.eabi_attribute 20, 1
   7              		.eabi_attribute 21, 1
   8              		.eabi_attribute 23, 3
   9              		.eabi_attribute 24, 1
  10              		.eabi_attribute 25, 1
  11              		.eabi_attribute 26, 1
  12              		.eabi_attribute 30, 1
  13              		.eabi_attribute 34, 1
  14              		.eabi_attribute 18, 4
  15              		.file	"gpio.c"
  16              		.text
  17              	.Ltext0:
  18              		.cfi_sections	.debug_frame
  19              		.file 1 "Core/Src/gpio.c"
  20              		.section	.text.MX_GPIO_Init,"ax",%progbits
  21              		.align	1
  22              		.global	MX_GPIO_Init
  23              		.syntax unified
  24              		.thumb
  25              		.thumb_func
  27              	MX_GPIO_Init:
  28              	.LFB134:
   1:Core/Src/gpio.c **** /* USER CODE BEGIN Header */
   2:Core/Src/gpio.c **** /**
   3:Core/Src/gpio.c ****   ******************************************************************************
   4:Core/Src/gpio.c ****   * @file    gpio.c
   5:Core/Src/gpio.c ****   * @brief   This file provides code for the configuration
   6:Core/Src/gpio.c ****   *          of all used GPIO pins.
   7:Core/Src/gpio.c ****   ******************************************************************************
   8:Core/Src/gpio.c ****   * @attention
   9:Core/Src/gpio.c ****   *
  10:Core/Src/gpio.c ****   * Copyright (c) 2024 STMicroelectronics.
  11:Core/Src/gpio.c ****   * All rights reserved.
  12:Core/Src/gpio.c ****   *
  13:Core/Src/gpio.c ****   * This software is licensed under terms that can be found in the LICENSE file
  14:Core/Src/gpio.c ****   * in the root directory of this software component.
  15:Core/Src/gpio.c ****   * If no LICENSE file comes with this software, it is provided AS-IS.
  16:Core/Src/gpio.c ****   *
  17:Core/Src/gpio.c ****   ******************************************************************************
  18:Core/Src/gpio.c ****   */
  19:Core/Src/gpio.c **** /* USER CODE END Header */
  20:Core/Src/gpio.c **** 
  21:Core/Src/gpio.c **** /* Includes ------------------------------------------------------------------*/
  22:Core/Src/gpio.c **** #include "gpio.h"
  23:Core/Src/gpio.c **** 
  24:Core/Src/gpio.c **** /* USER CODE BEGIN 0 */
  25:Core/Src/gpio.c **** 
  26:Core/Src/gpio.c **** /* USER CODE END 0 */
  27:Core/Src/gpio.c **** 
  28:Core/Src/gpio.c **** /*----------------------------------------------------------------------------*/
  29:Core/Src/gpio.c **** /* Configure GPIO                                                             */
  30:Core/Src/gpio.c **** /*----------------------------------------------------------------------------*/
ARM GAS  C:\Users\onste\AppData\Local\Temp\cc92mnPL.s 			page 2


  31:Core/Src/gpio.c **** /* USER CODE BEGIN 1 */
  32:Core/Src/gpio.c **** 
  33:Core/Src/gpio.c **** /* USER CODE END 1 */
  34:Core/Src/gpio.c **** 
  35:Core/Src/gpio.c **** /** Configure pins as
  36:Core/Src/gpio.c ****         * Analog
  37:Core/Src/gpio.c ****         * Input
  38:Core/Src/gpio.c ****         * Output
  39:Core/Src/gpio.c ****         * EVENT_OUT
  40:Core/Src/gpio.c ****         * EXTI
  41:Core/Src/gpio.c **** */
  42:Core/Src/gpio.c **** void MX_GPIO_Init(void)
  43:Core/Src/gpio.c **** {
  29              		.loc 1 43 1 view -0
  30              		.cfi_startproc
  31              		@ args = 0, pretend = 0, frame = 32
  32              		@ frame_needed = 0, uses_anonymous_args = 0
  33 0000 70B5     		push	{r4, r5, r6, lr}
  34              		.cfi_def_cfa_offset 16
  35              		.cfi_offset 4, -16
  36              		.cfi_offset 5, -12
  37              		.cfi_offset 6, -8
  38              		.cfi_offset 14, -4
  39 0002 88B0     		sub	sp, sp, #32
  40              		.cfi_def_cfa_offset 48
  44:Core/Src/gpio.c **** 
  45:Core/Src/gpio.c ****   GPIO_InitTypeDef GPIO_InitStruct = {0};
  41              		.loc 1 45 3 view .LVU1
  42              		.loc 1 45 20 is_stmt 0 view .LVU2
  43 0004 0024     		movs	r4, #0
  44 0006 0394     		str	r4, [sp, #12]
  45 0008 0494     		str	r4, [sp, #16]
  46 000a 0594     		str	r4, [sp, #20]
  47 000c 0694     		str	r4, [sp, #24]
  48 000e 0794     		str	r4, [sp, #28]
  46:Core/Src/gpio.c **** 
  47:Core/Src/gpio.c ****   /* GPIO Ports Clock Enable */
  48:Core/Src/gpio.c ****   __HAL_RCC_GPIOC_CLK_ENABLE();
  49              		.loc 1 48 3 is_stmt 1 view .LVU3
  50              	.LBB2:
  51              		.loc 1 48 3 view .LVU4
  52 0010 0094     		str	r4, [sp]
  53              		.loc 1 48 3 view .LVU5
  54 0012 1C4B     		ldr	r3, .L3
  55 0014 1A6B     		ldr	r2, [r3, #48]
  56 0016 42F00402 		orr	r2, r2, #4
  57 001a 1A63     		str	r2, [r3, #48]
  58              		.loc 1 48 3 view .LVU6
  59 001c 1A6B     		ldr	r2, [r3, #48]
  60 001e 02F00402 		and	r2, r2, #4
  61 0022 0092     		str	r2, [sp]
  62              		.loc 1 48 3 view .LVU7
  63 0024 009A     		ldr	r2, [sp]
  64              	.LBE2:
  65              		.loc 1 48 3 view .LVU8
  49:Core/Src/gpio.c ****   __HAL_RCC_GPIOH_CLK_ENABLE();
  66              		.loc 1 49 3 view .LVU9
ARM GAS  C:\Users\onste\AppData\Local\Temp\cc92mnPL.s 			page 3


  67              	.LBB3:
  68              		.loc 1 49 3 view .LVU10
  69 0026 0194     		str	r4, [sp, #4]
  70              		.loc 1 49 3 view .LVU11
  71 0028 1A6B     		ldr	r2, [r3, #48]
  72 002a 42F08002 		orr	r2, r2, #128
  73 002e 1A63     		str	r2, [r3, #48]
  74              		.loc 1 49 3 view .LVU12
  75 0030 1A6B     		ldr	r2, [r3, #48]
  76 0032 02F08002 		and	r2, r2, #128
  77 0036 0192     		str	r2, [sp, #4]
  78              		.loc 1 49 3 view .LVU13
  79 0038 019A     		ldr	r2, [sp, #4]
  80              	.LBE3:
  81              		.loc 1 49 3 view .LVU14
  50:Core/Src/gpio.c ****   __HAL_RCC_GPIOA_CLK_ENABLE();
  82              		.loc 1 50 3 view .LVU15
  83              	.LBB4:
  84              		.loc 1 50 3 view .LVU16
  85 003a 0294     		str	r4, [sp, #8]
  86              		.loc 1 50 3 view .LVU17
  87 003c 1A6B     		ldr	r2, [r3, #48]
  88 003e 42F00102 		orr	r2, r2, #1
  89 0042 1A63     		str	r2, [r3, #48]
  90              		.loc 1 50 3 view .LVU18
  91 0044 1B6B     		ldr	r3, [r3, #48]
  92 0046 03F00103 		and	r3, r3, #1
  93 004a 0293     		str	r3, [sp, #8]
  94              		.loc 1 50 3 view .LVU19
  95 004c 029B     		ldr	r3, [sp, #8]
  96              	.LBE4:
  97              		.loc 1 50 3 view .LVU20
  51:Core/Src/gpio.c **** 
  52:Core/Src/gpio.c ****   /*Configure GPIO pin Output Level */
  53:Core/Src/gpio.c ****   HAL_GPIO_WritePin(LED_GPIO_Port, LED_Pin, GPIO_PIN_SET);
  98              		.loc 1 53 3 view .LVU21
  99 004e 0E4E     		ldr	r6, .L3+4
 100 0050 0122     		movs	r2, #1
 101 0052 4FF40051 		mov	r1, #8192
 102 0056 3046     		mov	r0, r6
 103 0058 FFF7FEFF 		bl	HAL_GPIO_WritePin
 104              	.LVL0:
  54:Core/Src/gpio.c **** 
  55:Core/Src/gpio.c ****   /*Configure GPIO pin : PtPin */
  56:Core/Src/gpio.c ****   GPIO_InitStruct.Pin = LED_Pin;
 105              		.loc 1 56 3 view .LVU22
 106              		.loc 1 56 23 is_stmt 0 view .LVU23
 107 005c 4FF40053 		mov	r3, #8192
 108 0060 0393     		str	r3, [sp, #12]
  57:Core/Src/gpio.c ****   GPIO_InitStruct.Mode = GPIO_MODE_OUTPUT_PP;
 109              		.loc 1 57 3 is_stmt 1 view .LVU24
 110              		.loc 1 57 24 is_stmt 0 view .LVU25
 111 0062 0125     		movs	r5, #1
 112 0064 0495     		str	r5, [sp, #16]
  58:Core/Src/gpio.c ****   GPIO_InitStruct.Pull = GPIO_NOPULL;
 113              		.loc 1 58 3 is_stmt 1 view .LVU26
 114              		.loc 1 58 24 is_stmt 0 view .LVU27
ARM GAS  C:\Users\onste\AppData\Local\Temp\cc92mnPL.s 			page 4


 115 0066 0594     		str	r4, [sp, #20]
  59:Core/Src/gpio.c ****   GPIO_InitStruct.Speed = GPIO_SPEED_FREQ_LOW;
 116              		.loc 1 59 3 is_stmt 1 view .LVU28
 117              		.loc 1 59 25 is_stmt 0 view .LVU29
 118 0068 0694     		str	r4, [sp, #24]
  60:Core/Src/gpio.c ****   HAL_GPIO_Init(LED_GPIO_Port, &GPIO_InitStruct);
 119              		.loc 1 60 3 is_stmt 1 view .LVU30
 120 006a 03A9     		add	r1, sp, #12
 121 006c 3046     		mov	r0, r6
 122 006e FFF7FEFF 		bl	HAL_GPIO_Init
 123              	.LVL1:
  61:Core/Src/gpio.c **** 
  62:Core/Src/gpio.c ****   /*Configure GPIO pin : PtPin */
  63:Core/Src/gpio.c ****   GPIO_InitStruct.Pin = BTN_Pin;
 124              		.loc 1 63 3 view .LVU31
 125              		.loc 1 63 23 is_stmt 0 view .LVU32
 126 0072 0395     		str	r5, [sp, #12]
  64:Core/Src/gpio.c ****   GPIO_InitStruct.Mode = GPIO_MODE_INPUT;
 127              		.loc 1 64 3 is_stmt 1 view .LVU33
 128              		.loc 1 64 24 is_stmt 0 view .LVU34
 129 0074 0494     		str	r4, [sp, #16]
  65:Core/Src/gpio.c ****   GPIO_InitStruct.Pull = GPIO_PULLUP;
 130              		.loc 1 65 3 is_stmt 1 view .LVU35
 131              		.loc 1 65 24 is_stmt 0 view .LVU36
 132 0076 0595     		str	r5, [sp, #20]
  66:Core/Src/gpio.c ****   HAL_GPIO_Init(BTN_GPIO_Port, &GPIO_InitStruct);
 133              		.loc 1 66 3 is_stmt 1 view .LVU37
 134 0078 03A9     		add	r1, sp, #12
 135 007a 0448     		ldr	r0, .L3+8
 136 007c FFF7FEFF 		bl	HAL_GPIO_Init
 137              	.LVL2:
  67:Core/Src/gpio.c **** 
  68:Core/Src/gpio.c **** }
 138              		.loc 1 68 1 is_stmt 0 view .LVU38
 139 0080 08B0     		add	sp, sp, #32
 140              		.cfi_def_cfa_offset 16
 141              		@ sp needed
 142 0082 70BD     		pop	{r4, r5, r6, pc}
 143              	.L4:
 144              		.align	2
 145              	.L3:
 146 0084 00380240 		.word	1073887232
 147 0088 00080240 		.word	1073874944
 148 008c 00000240 		.word	1073872896
 149              		.cfi_endproc
 150              	.LFE134:
 152              		.text
 153              	.Letext0:
 154              		.file 2 "C:/Users/onste/AppData/Roaming/Code/User/globalStorage/bmd.stm32-for-vscode/@xpack-dev-to
 155              		.file 3 "C:/Users/onste/AppData/Roaming/Code/User/globalStorage/bmd.stm32-for-vscode/@xpack-dev-to
 156              		.file 4 "Drivers/CMSIS/Device/ST/STM32F4xx/Include/stm32f411xe.h"
 157              		.file 5 "Drivers/STM32F4xx_HAL_Driver/Inc/stm32f4xx_hal_gpio.h"
ARM GAS  C:\Users\onste\AppData\Local\Temp\cc92mnPL.s 			page 5


DEFINED SYMBOLS
                            *ABS*:00000000 gpio.c
C:\Users\onste\AppData\Local\Temp\cc92mnPL.s:21     .text.MX_GPIO_Init:00000000 $t
C:\Users\onste\AppData\Local\Temp\cc92mnPL.s:27     .text.MX_GPIO_Init:00000000 MX_GPIO_Init
C:\Users\onste\AppData\Local\Temp\cc92mnPL.s:146    .text.MX_GPIO_Init:00000084 $d

UNDEFINED SYMBOLS
HAL_GPIO_WritePin
HAL_GPIO_Init
