ARM GAS  C:\Users\user\AppData\Local\Temp\ccfF7aFb.s 			page 1


   1              		.cpu cortex-m4
   2              		.arch armv7e-m
   3              		.fpu fpv4-sp-d16
   4              		.eabi_attribute 27, 1
   5              		.eabi_attribute 28, 1
   6              		.eabi_attribute 20, 1
   7              		.eabi_attribute 21, 1
   8              		.eabi_attribute 23, 3
   9              		.eabi_attribute 24, 1
  10              		.eabi_attribute 25, 1
  11              		.eabi_attribute 26, 1
  12              		.eabi_attribute 30, 1
  13              		.eabi_attribute 34, 1
  14              		.eabi_attribute 18, 4
  15              		.file	"tim.c"
  16              		.text
  17              	.Ltext0:
  18              		.cfi_sections	.debug_frame
  19              		.file 1 "Core/Src/tim.c"
  20              		.section	.text.MX_TIM11_Init,"ax",%progbits
  21              		.align	1
  22              		.global	MX_TIM11_Init
  23              		.syntax unified
  24              		.thumb
  25              		.thumb_func
  27              	MX_TIM11_Init:
  28              	.LFB134:
   1:Core/Src/tim.c **** /* USER CODE BEGIN Header */
   2:Core/Src/tim.c **** /**
   3:Core/Src/tim.c ****   ******************************************************************************
   4:Core/Src/tim.c ****   * @file    tim.c
   5:Core/Src/tim.c ****   * @brief   This file provides code for the configuration
   6:Core/Src/tim.c ****   *          of the TIM instances.
   7:Core/Src/tim.c ****   ******************************************************************************
   8:Core/Src/tim.c ****   * @attention
   9:Core/Src/tim.c ****   *
  10:Core/Src/tim.c ****   * Copyright (c) 2024 STMicroelectronics.
  11:Core/Src/tim.c ****   * All rights reserved.
  12:Core/Src/tim.c ****   *
  13:Core/Src/tim.c ****   * This software is licensed under terms that can be found in the LICENSE file
  14:Core/Src/tim.c ****   * in the root directory of this software component.
  15:Core/Src/tim.c ****   * If no LICENSE file comes with this software, it is provided AS-IS.
  16:Core/Src/tim.c ****   *
  17:Core/Src/tim.c ****   ******************************************************************************
  18:Core/Src/tim.c ****   */
  19:Core/Src/tim.c **** /* USER CODE END Header */
  20:Core/Src/tim.c **** /* Includes ------------------------------------------------------------------*/
  21:Core/Src/tim.c **** #include "tim.h"
  22:Core/Src/tim.c **** 
  23:Core/Src/tim.c **** /* USER CODE BEGIN 0 */
  24:Core/Src/tim.c **** 
  25:Core/Src/tim.c **** /* USER CODE END 0 */
  26:Core/Src/tim.c **** 
  27:Core/Src/tim.c **** TIM_HandleTypeDef htim11;
  28:Core/Src/tim.c **** 
  29:Core/Src/tim.c **** /* TIM11 init function */
  30:Core/Src/tim.c **** void MX_TIM11_Init(void)
ARM GAS  C:\Users\user\AppData\Local\Temp\ccfF7aFb.s 			page 2


  31:Core/Src/tim.c **** {
  29              		.loc 1 31 1 view -0
  30              		.cfi_startproc
  31              		@ args = 0, pretend = 0, frame = 0
  32              		@ frame_needed = 0, uses_anonymous_args = 0
  33 0000 08B5     		push	{r3, lr}
  34              		.cfi_def_cfa_offset 8
  35              		.cfi_offset 3, -8
  36              		.cfi_offset 14, -4
  32:Core/Src/tim.c **** 
  33:Core/Src/tim.c ****   /* USER CODE BEGIN TIM11_Init 0 */
  34:Core/Src/tim.c **** 
  35:Core/Src/tim.c ****   /* USER CODE END TIM11_Init 0 */
  36:Core/Src/tim.c **** 
  37:Core/Src/tim.c ****   /* USER CODE BEGIN TIM11_Init 1 */
  38:Core/Src/tim.c **** 
  39:Core/Src/tim.c ****   /* USER CODE END TIM11_Init 1 */
  40:Core/Src/tim.c ****   htim11.Instance = TIM11;
  37              		.loc 1 40 3 view .LVU1
  38              		.loc 1 40 19 is_stmt 0 view .LVU2
  39 0002 0948     		ldr	r0, .L5
  40 0004 094B     		ldr	r3, .L5+4
  41 0006 0360     		str	r3, [r0]
  41:Core/Src/tim.c ****   htim11.Init.Prescaler = 0;
  42              		.loc 1 41 3 is_stmt 1 view .LVU3
  43              		.loc 1 41 25 is_stmt 0 view .LVU4
  44 0008 0023     		movs	r3, #0
  45 000a 4360     		str	r3, [r0, #4]
  42:Core/Src/tim.c ****   htim11.Init.CounterMode = TIM_COUNTERMODE_UP;
  46              		.loc 1 42 3 is_stmt 1 view .LVU5
  47              		.loc 1 42 27 is_stmt 0 view .LVU6
  48 000c 8360     		str	r3, [r0, #8]
  43:Core/Src/tim.c ****   htim11.Init.Period = 65535;
  49              		.loc 1 43 3 is_stmt 1 view .LVU7
  50              		.loc 1 43 22 is_stmt 0 view .LVU8
  51 000e 4FF6FF72 		movw	r2, #65535
  52 0012 C260     		str	r2, [r0, #12]
  44:Core/Src/tim.c ****   htim11.Init.ClockDivision = TIM_CLOCKDIVISION_DIV1;
  53              		.loc 1 44 3 is_stmt 1 view .LVU9
  54              		.loc 1 44 29 is_stmt 0 view .LVU10
  55 0014 0361     		str	r3, [r0, #16]
  45:Core/Src/tim.c ****   htim11.Init.AutoReloadPreload = TIM_AUTORELOAD_PRELOAD_DISABLE;
  56              		.loc 1 45 3 is_stmt 1 view .LVU11
  57              		.loc 1 45 33 is_stmt 0 view .LVU12
  58 0016 8361     		str	r3, [r0, #24]
  46:Core/Src/tim.c ****   if (HAL_TIM_Base_Init(&htim11) != HAL_OK)
  59              		.loc 1 46 3 is_stmt 1 view .LVU13
  60              		.loc 1 46 7 is_stmt 0 view .LVU14
  61 0018 FFF7FEFF 		bl	HAL_TIM_Base_Init
  62              	.LVL0:
  63              		.loc 1 46 6 discriminator 1 view .LVU15
  64 001c 00B9     		cbnz	r0, .L4
  65              	.L1:
  47:Core/Src/tim.c ****   {
  48:Core/Src/tim.c ****     Error_Handler();
  49:Core/Src/tim.c ****   }
  50:Core/Src/tim.c ****   /* USER CODE BEGIN TIM11_Init 2 */
ARM GAS  C:\Users\user\AppData\Local\Temp\ccfF7aFb.s 			page 3


  51:Core/Src/tim.c **** 
  52:Core/Src/tim.c ****   /* USER CODE END TIM11_Init 2 */
  53:Core/Src/tim.c **** 
  54:Core/Src/tim.c **** }
  66              		.loc 1 54 1 view .LVU16
  67 001e 08BD     		pop	{r3, pc}
  68              	.L4:
  48:Core/Src/tim.c ****   }
  69              		.loc 1 48 5 is_stmt 1 view .LVU17
  70 0020 FFF7FEFF 		bl	Error_Handler
  71              	.LVL1:
  72              		.loc 1 54 1 is_stmt 0 view .LVU18
  73 0024 FBE7     		b	.L1
  74              	.L6:
  75 0026 00BF     		.align	2
  76              	.L5:
  77 0028 00000000 		.word	htim11
  78 002c 00480140 		.word	1073825792
  79              		.cfi_endproc
  80              	.LFE134:
  82              		.section	.text.HAL_TIM_Base_MspInit,"ax",%progbits
  83              		.align	1
  84              		.global	HAL_TIM_Base_MspInit
  85              		.syntax unified
  86              		.thumb
  87              		.thumb_func
  89              	HAL_TIM_Base_MspInit:
  90              	.LVL2:
  91              	.LFB135:
  55:Core/Src/tim.c **** 
  56:Core/Src/tim.c **** void HAL_TIM_Base_MspInit(TIM_HandleTypeDef* tim_baseHandle)
  57:Core/Src/tim.c **** {
  92              		.loc 1 57 1 is_stmt 1 view -0
  93              		.cfi_startproc
  94              		@ args = 0, pretend = 0, frame = 8
  95              		@ frame_needed = 0, uses_anonymous_args = 0
  96              		@ link register save eliminated.
  58:Core/Src/tim.c **** 
  59:Core/Src/tim.c ****   if(tim_baseHandle->Instance==TIM11)
  97              		.loc 1 59 3 view .LVU20
  98              		.loc 1 59 20 is_stmt 0 view .LVU21
  99 0000 0268     		ldr	r2, [r0]
 100              		.loc 1 59 5 view .LVU22
 101 0002 094B     		ldr	r3, .L14
 102 0004 9A42     		cmp	r2, r3
 103 0006 00D0     		beq	.L13
 104 0008 7047     		bx	lr
 105              	.L13:
  57:Core/Src/tim.c **** 
 106              		.loc 1 57 1 view .LVU23
 107 000a 82B0     		sub	sp, sp, #8
 108              		.cfi_def_cfa_offset 8
  60:Core/Src/tim.c ****   {
  61:Core/Src/tim.c ****   /* USER CODE BEGIN TIM11_MspInit 0 */
  62:Core/Src/tim.c **** 
  63:Core/Src/tim.c ****   /* USER CODE END TIM11_MspInit 0 */
  64:Core/Src/tim.c ****     /* TIM11 clock enable */
ARM GAS  C:\Users\user\AppData\Local\Temp\ccfF7aFb.s 			page 4


  65:Core/Src/tim.c ****     __HAL_RCC_TIM11_CLK_ENABLE();
 109              		.loc 1 65 5 is_stmt 1 view .LVU24
 110              	.LBB2:
 111              		.loc 1 65 5 view .LVU25
 112 000c 0023     		movs	r3, #0
 113 000e 0193     		str	r3, [sp, #4]
 114              		.loc 1 65 5 view .LVU26
 115 0010 064B     		ldr	r3, .L14+4
 116 0012 5A6C     		ldr	r2, [r3, #68]
 117 0014 42F48022 		orr	r2, r2, #262144
 118 0018 5A64     		str	r2, [r3, #68]
 119              		.loc 1 65 5 view .LVU27
 120 001a 5B6C     		ldr	r3, [r3, #68]
 121 001c 03F48023 		and	r3, r3, #262144
 122 0020 0193     		str	r3, [sp, #4]
 123              		.loc 1 65 5 view .LVU28
 124 0022 019B     		ldr	r3, [sp, #4]
 125              	.LBE2:
 126              		.loc 1 65 5 discriminator 1 view .LVU29
  66:Core/Src/tim.c ****   /* USER CODE BEGIN TIM11_MspInit 1 */
  67:Core/Src/tim.c **** 
  68:Core/Src/tim.c ****   /* USER CODE END TIM11_MspInit 1 */
  69:Core/Src/tim.c ****   }
  70:Core/Src/tim.c **** }
 127              		.loc 1 70 1 is_stmt 0 view .LVU30
 128 0024 02B0     		add	sp, sp, #8
 129              		.cfi_def_cfa_offset 0
 130              		@ sp needed
 131 0026 7047     		bx	lr
 132              	.L15:
 133              		.align	2
 134              	.L14:
 135 0028 00480140 		.word	1073825792
 136 002c 00380240 		.word	1073887232
 137              		.cfi_endproc
 138              	.LFE135:
 140              		.section	.text.HAL_TIM_Base_MspDeInit,"ax",%progbits
 141              		.align	1
 142              		.global	HAL_TIM_Base_MspDeInit
 143              		.syntax unified
 144              		.thumb
 145              		.thumb_func
 147              	HAL_TIM_Base_MspDeInit:
 148              	.LVL3:
 149              	.LFB136:
  71:Core/Src/tim.c **** 
  72:Core/Src/tim.c **** void HAL_TIM_Base_MspDeInit(TIM_HandleTypeDef* tim_baseHandle)
  73:Core/Src/tim.c **** {
 150              		.loc 1 73 1 is_stmt 1 view -0
 151              		.cfi_startproc
 152              		@ args = 0, pretend = 0, frame = 0
 153              		@ frame_needed = 0, uses_anonymous_args = 0
 154              		@ link register save eliminated.
  74:Core/Src/tim.c **** 
  75:Core/Src/tim.c ****   if(tim_baseHandle->Instance==TIM11)
 155              		.loc 1 75 3 view .LVU32
 156              		.loc 1 75 20 is_stmt 0 view .LVU33
ARM GAS  C:\Users\user\AppData\Local\Temp\ccfF7aFb.s 			page 5


 157 0000 0268     		ldr	r2, [r0]
 158              		.loc 1 75 5 view .LVU34
 159 0002 054B     		ldr	r3, .L19
 160 0004 9A42     		cmp	r2, r3
 161 0006 00D0     		beq	.L18
 162              	.L16:
  76:Core/Src/tim.c ****   {
  77:Core/Src/tim.c ****   /* USER CODE BEGIN TIM11_MspDeInit 0 */
  78:Core/Src/tim.c **** 
  79:Core/Src/tim.c ****   /* USER CODE END TIM11_MspDeInit 0 */
  80:Core/Src/tim.c ****     /* Peripheral clock disable */
  81:Core/Src/tim.c ****     __HAL_RCC_TIM11_CLK_DISABLE();
  82:Core/Src/tim.c ****   /* USER CODE BEGIN TIM11_MspDeInit 1 */
  83:Core/Src/tim.c **** 
  84:Core/Src/tim.c ****   /* USER CODE END TIM11_MspDeInit 1 */
  85:Core/Src/tim.c ****   }
  86:Core/Src/tim.c **** }
 163              		.loc 1 86 1 view .LVU35
 164 0008 7047     		bx	lr
 165              	.L18:
  81:Core/Src/tim.c ****   /* USER CODE BEGIN TIM11_MspDeInit 1 */
 166              		.loc 1 81 5 is_stmt 1 view .LVU36
 167 000a 044A     		ldr	r2, .L19+4
 168 000c 536C     		ldr	r3, [r2, #68]
 169 000e 23F48023 		bic	r3, r3, #262144
 170 0012 5364     		str	r3, [r2, #68]
 171              		.loc 1 86 1 is_stmt 0 view .LVU37
 172 0014 F8E7     		b	.L16
 173              	.L20:
 174 0016 00BF     		.align	2
 175              	.L19:
 176 0018 00480140 		.word	1073825792
 177 001c 00380240 		.word	1073887232
 178              		.cfi_endproc
 179              	.LFE136:
 181              		.global	htim11
 182              		.section	.bss.htim11,"aw",%nobits
 183              		.align	2
 186              	htim11:
 187 0000 00000000 		.space	72
 187      00000000 
 187      00000000 
 187      00000000 
 187      00000000 
 188              		.text
 189              	.Letext0:
 190              		.file 2 "C:/Users/user/AppData/Roaming/Code/User/globalStorage/bmd.stm32-for-vscode/@xpack-dev-too
 191              		.file 3 "C:/Users/user/AppData/Roaming/Code/User/globalStorage/bmd.stm32-for-vscode/@xpack-dev-too
 192              		.file 4 "Drivers/CMSIS/Device/ST/STM32F4xx/Include/stm32f411xe.h"
 193              		.file 5 "Drivers/STM32F4xx_HAL_Driver/Inc/stm32f4xx_hal_def.h"
 194              		.file 6 "Drivers/STM32F4xx_HAL_Driver/Inc/stm32f4xx_hal_dma.h"
 195              		.file 7 "Drivers/STM32F4xx_HAL_Driver/Inc/stm32f4xx_hal_tim.h"
 196              		.file 8 "Core/Inc/tim.h"
 197              		.file 9 "Core/Inc/main.h"
ARM GAS  C:\Users\user\AppData\Local\Temp\ccfF7aFb.s 			page 6


DEFINED SYMBOLS
                            *ABS*:00000000 tim.c
C:\Users\user\AppData\Local\Temp\ccfF7aFb.s:21     .text.MX_TIM11_Init:00000000 $t
C:\Users\user\AppData\Local\Temp\ccfF7aFb.s:27     .text.MX_TIM11_Init:00000000 MX_TIM11_Init
C:\Users\user\AppData\Local\Temp\ccfF7aFb.s:77     .text.MX_TIM11_Init:00000028 $d
C:\Users\user\AppData\Local\Temp\ccfF7aFb.s:186    .bss.htim11:00000000 htim11
C:\Users\user\AppData\Local\Temp\ccfF7aFb.s:83     .text.HAL_TIM_Base_MspInit:00000000 $t
C:\Users\user\AppData\Local\Temp\ccfF7aFb.s:89     .text.HAL_TIM_Base_MspInit:00000000 HAL_TIM_Base_MspInit
C:\Users\user\AppData\Local\Temp\ccfF7aFb.s:135    .text.HAL_TIM_Base_MspInit:00000028 $d
C:\Users\user\AppData\Local\Temp\ccfF7aFb.s:141    .text.HAL_TIM_Base_MspDeInit:00000000 $t
C:\Users\user\AppData\Local\Temp\ccfF7aFb.s:147    .text.HAL_TIM_Base_MspDeInit:00000000 HAL_TIM_Base_MspDeInit
C:\Users\user\AppData\Local\Temp\ccfF7aFb.s:176    .text.HAL_TIM_Base_MspDeInit:00000018 $d
C:\Users\user\AppData\Local\Temp\ccfF7aFb.s:183    .bss.htim11:00000000 $d

UNDEFINED SYMBOLS
HAL_TIM_Base_Init
Error_Handler
